2026-03-15 17:04:48 [background-preinit] INFO  o.h.validator.internal.util.Version - HV000001: Hibernate Validator 8.0.1.Final
2026-03-15 17:04:48 [main] INFO  org.almb.BootApplication - Starting BootApplication using Java 21.0.10 with PID 45939 (/Users/ejnake/dev/project/java-almb-api/target/classes started by ejnake in /Users/ejnake/dev/project/java-almb-api)
2026-03-15 17:04:48 [main] DEBUG org.almb.BootApplication - Running with Spring Boot v3.2.5, Spring v6.1.6
2026-03-15 17:04:48 [main] INFO  org.almb.BootApplication - No active profile set, falling back to 1 default profile: "default"
2026-03-15 17:04:48 [main] WARN  o.s.b.w.r.c.AnnotationConfigReactiveWebServerApplicationContext - Exception encountered during context initialization - cancelling refresh attempt: org.springframework.beans.factory.BeanDefinitionStoreException: Failed to parse configuration class [org.almb.BootApplication]
2026-03-15 17:04:48 [main] ERROR o.s.boot.SpringApplication - Application run failed
org.springframework.beans.factory.BeanDefinitionStoreException: Failed to parse configuration class [org.almb.BootApplication]
	at org.springframework.context.annotation.ConfigurationClassParser.parse(ConfigurationClassParser.java:179)
	at org.springframework.context.annotation.ConfigurationClassPostProcessor.processConfigBeanDefinitions(ConfigurationClassPostProcessor.java:416)
	at org.springframework.context.annotation.ConfigurationClassPostProcessor.postProcessBeanDefinitionRegistry(ConfigurationClassPostProcessor.java:289)
	at org.springframework.context.support.PostProcessorRegistrationDelegate.invokeBeanDefinitionRegistryPostProcessors(PostProcessorRegistrationDelegate.java:349)
	at org.springframework.context.support.PostProcessorRegistrationDelegate.invokeBeanFactoryPostProcessors(PostProcessorRegistrationDelegate.java:118)
	at org.springframework.context.support.AbstractApplicationContext.invokeBeanFactoryPostProcessors(AbstractApplicationContext.java:788)
	at org.springframework.context.support.AbstractApplicationContext.refresh(AbstractApplicationContext.java:606)
	at org.springframework.boot.web.reactive.context.ReactiveWebServerApplicationContext.refresh(ReactiveWebServerApplicationContext.java:66)
	at org.springframework.boot.SpringApplication.refresh(SpringApplication.java:754)
	at org.springframework.boot.SpringApplication.refreshContext(SpringApplication.java:456)
	at org.springframework.boot.SpringApplication.run(SpringApplication.java:334)
	at org.springframework.boot.SpringApplication.run(SpringApplication.java:1354)
	at org.springframework.boot.SpringApplication.run(SpringApplication.java:1343)
	at org.almb.BootApplication.main(BootApplication.java:12)
Caused by: org.springframework.context.annotation.ConflictingBeanDefinitionException: Annotation-specified bean name 'companyMapperImpl' for bean class [org.almb.adapter.out.persistence.mapper.CompanyMapperImpl] conflicts with existing, non-compatible bean definition of same name and class [org.almb.adapter.in.web.mapper.CompanyMapperImpl]
	at org.springframework.context.annotation.ClassPathBeanDefinitionScanner.checkCandidate(ClassPathBeanDefinitionScanner.java:361)
	at org.springframework.context.annotation.ClassPathBeanDefinitionScanner.doScan(ClassPathBeanDefinitionScanner.java:288)
	at org.springframework.context.annotation.ComponentScanAnnotationParser.parse(ComponentScanAnnotationParser.java:128)
	at org.springframework.context.annotation.ConfigurationClassParser.doProcessConfigurationClass(ConfigurationClassParser.java:306)
	at org.springframework.context.annotation.ConfigurationClassParser.processConfigurationClass(ConfigurationClassParser.java:246)
	at org.springframework.context.annotation.ConfigurationClassParser.parse(ConfigurationClassParser.java:197)
	at org.springframework.context.annotation.ConfigurationClassParser.parse(ConfigurationClassParser.java:165)
	... 13 common frames omitted
2026-03-15 17:08:52 [background-preinit] INFO  o.h.validator.internal.util.Version - HV000001: Hibernate Validator 8.0.1.Final
2026-03-15 17:08:52 [main] INFO  org.almb.BootApplication - Starting BootApplication using Java 21.0.10 with PID 47117 (/Users/ejnake/dev/project/java-almb-api/target/classes started by ejnake in /Users/ejnake/dev/project/java-almb-api)
2026-03-15 17:08:52 [main] DEBUG org.almb.BootApplication - Running with Spring Boot v3.2.5, Spring v6.1.6
2026-03-15 17:08:52 [main] INFO  org.almb.BootApplication - No active profile set, falling back to 1 default profile: "default"
2026-03-15 17:08:53 [main] INFO  o.s.d.r.c.RepositoryConfigurationDelegate - Bootstrapping Spring Data R2DBC repositories in DEFAULT mode.
2026-03-15 17:08:53 [main] INFO  o.s.d.r.c.RepositoryConfigurationDelegate - Finished Spring Data repository scanning in 62 ms. Found 1 R2DBC repository interface.
2026-03-15 17:08:53 [main] INFO  o.s.b.w.e.netty.NettyWebServer - Netty started on port 8080
2026-03-15 17:08:53 [main] INFO  org.almb.BootApplication - Started BootApplication in 1.042 seconds (process running for 1.175)
2026-03-15 17:09:29 [reactor-http-nio-6] INFO  o.s.api.AbstractOpenApiResource - Init duration for springdoc-openapi is: 168 ms
2026-03-15 17:12:42 [background-preinit] INFO  o.h.validator.internal.util.Version - HV000001: Hibernate Validator 8.0.1.Final
2026-03-15 17:12:42 [main] INFO  org.almb.BootApplication - Starting BootApplication using Java 21.0.10 with PID 48281 (/Users/ejnake/dev/project/java-almb-api/target/classes started by ejnake in /Users/ejnake/dev/project/java-almb-api)
2026-03-15 17:12:42 [main] DEBUG org.almb.BootApplication - Running with Spring Boot v3.2.5, Spring v6.1.6
2026-03-15 17:12:42 [main] INFO  org.almb.BootApplication - No active profile set, falling back to 1 default profile: "default"
2026-03-15 17:12:42 [main] INFO  o.s.d.r.c.RepositoryConfigurationDelegate - Bootstrapping Spring Data R2DBC repositories in DEFAULT mode.
2026-03-15 17:12:42 [main] INFO  o.s.d.r.c.RepositoryConfigurationDelegate - Finished Spring Data repository scanning in 57 ms. Found 1 R2DBC repository interface.
2026-03-15 17:12:43 [main] INFO  o.s.b.w.e.netty.NettyWebServer - Netty started on port 8080
2026-03-15 17:12:43 [main] INFO  org.almb.BootApplication - Started BootApplication in 1.033 seconds (process running for 1.164)
2026-03-15 17:12:55 [reactor-http-nio-2] INFO  o.s.api.AbstractOpenApiResource - Init duration for springdoc-openapi is: 171 ms
2026-03-15 17:14:06 [background-preinit] INFO  o.h.validator.internal.util.Version - HV000001: Hibernate Validator 8.0.1.Final
2026-03-15 17:14:06 [main] INFO  org.almb.BootApplication - Starting BootApplication using Java 21.0.10 with PID 48757 (/Users/ejnake/dev/project/java-almb-api/target/classes started by ejnake in /Users/ejnake/dev/project/java-almb-api)
2026-03-15 17:14:06 [main] DEBUG org.almb.BootApplication - Running with Spring Boot v3.2.5, Spring v6.1.6
2026-03-15 17:14:06 [main] INFO  org.almb.BootApplication - No active profile set, falling back to 1 default profile: "default"
2026-03-15 17:14:06 [main] INFO  o.s.d.r.c.RepositoryConfigurationDelegate - Bootstrapping Spring Data R2DBC repositories in DEFAULT mode.
2026-03-15 17:14:06 [main] INFO  o.s.d.r.c.RepositoryConfigurationDelegate - Finished Spring Data repository scanning in 60 ms. Found 1 R2DBC repository interface.
2026-03-15 17:14:07 [main] INFO  o.s.b.w.e.netty.NettyWebServer - Netty started on port 8080
2026-03-15 17:14:07 [main] INFO  org.almb.BootApplication - Started BootApplication in 1.05 seconds (process running for 1.186)
2026-03-15 17:14:13 [reactor-http-nio-2] INFO  o.s.api.AbstractOpenApiResource - Init duration for springdoc-openapi is: 125 ms
2026-03-15 17:14:29 [single-1] ERROR o.s.b.a.w.r.e.AbstractErrorWebExceptionHandler - [3de16724-4]  500 Server Error for HTTP POST "/companies"
org.springframework.r2dbc.BadSqlGrammarException: executeMany; bad SQL grammar [INSERT INTO companies (CVR, PHONE_NUMBER) VALUES ($1, $2)]
	at org.springframework.r2dbc.connection.ConnectionFactoryUtils.convertR2dbcException(ConnectionFactoryUtils.java:253)
	Suppressed: reactor.core.publisher.FluxOnAssembly$OnAssemblyException: 
Error has been observed at the following site(s):
	*__checkpoint ⇢ Handler org.almb.adapter.in.web.controller.CompanyController#createCompany(Company) [DispatcherHandler]
	*__checkpoint ⇢ HTTP POST "/companies" [ExceptionHandlingWebHandler]
Original Stack Trace:
		at org.springframework.r2dbc.connection.ConnectionFactoryUtils.convertR2dbcException(ConnectionFactoryUtils.java:253)
		at org.springframework.r2dbc.core.DefaultDatabaseClient.lambda$inConnectionMany$8(DefaultDatabaseClient.java:156)
		at reactor.core.publisher.Flux.lambda$onErrorMap$28(Flux.java:7302)
		at reactor.core.publisher.Flux.lambda$onErrorResume$29(Flux.java:7355)
		at reactor.core.publisher.FluxOnErrorResume$ResumeSubscriber.onError(FluxOnErrorResume.java:94)
		at reactor.core.publisher.FluxUsingWhen$UsingWhenSubscriber.deferredError(FluxUsingWhen.java:403)
		at reactor.core.publisher.FluxUsingWhen$RollbackInner.onComplete(FluxUsingWhen.java:480)
		at reactor.core.publisher.Operators$MultiSubscriptionSubscriber.onComplete(Operators.java:2231)
		at reactor.core.publisher.FluxPeek$PeekSubscriber.onComplete(FluxPeek.java:260)
		at reactor.core.publisher.Operators$MultiSubscriptionSubscriber.onComplete(Operators.java:2231)
		at reactor.core.publisher.MonoIgnoreThen$ThenIgnoreMain.onComplete(MonoIgnoreThen.java:210)
		at reactor.core.publisher.MonoIgnoreThen$ThenIgnoreMain.onComplete(MonoIgnoreThen.java:210)
		at reactor.pool.SimpleDequePool.maybeRecycleAndDrain(SimpleDequePool.java:540)
		at reactor.pool.SimpleDequePool$QueuePoolRecyclerInner.onComplete(SimpleDequePool.java:770)
		at reactor.core.publisher.Operators.complete(Operators.java:137)
		at reactor.core.publisher.MonoEmpty.subscribe(MonoEmpty.java:46)
		at reactor.core.publisher.Mono.subscribe(Mono.java:4568)
		at reactor.pool.SimpleDequePool$QueuePoolRecyclerMono.subscribe(SimpleDequePool.java:882)
		at reactor.core.publisher.MonoDefer.subscribe(MonoDefer.java:53)
		at reactor.core.publisher.MonoIgnoreThen$ThenIgnoreMain.subscribeNext(MonoIgnoreThen.java:241)
		at reactor.core.publisher.MonoIgnoreThen$ThenIgnoreMain.onComplete(MonoIgnoreThen.java:204)
		at reactor.core.publisher.FluxPeek$PeekSubscriber.onComplete(FluxPeek.java:260)
		at reactor.core.publisher.Operators.complete(Operators.java:137)
		at reactor.core.publisher.MonoEmpty.subscribe(MonoEmpty.java:46)
		at reactor.core.publisher.Mono.subscribe(Mono.java:4568)
		at reactor.core.publisher.MonoIgnoreThen$ThenIgnoreMain.subscribeNext(MonoIgnoreThen.java:265)
		at reactor.core.publisher.MonoIgnoreThen.subscribe(MonoIgnoreThen.java:51)
		at reactor.core.publisher.MonoDefer.subscribe(MonoDefer.java:53)
		at reactor.core.publisher.MonoIgnoreThen$ThenIgnoreMain.subscribeNext(MonoIgnoreThen.java:241)
		at reactor.core.publisher.MonoIgnoreThen$ThenIgnoreMain.onComplete(MonoIgnoreThen.java:204)
		at reactor.core.publisher.MonoIgnoreElements$IgnoreElementsSubscriber.onComplete(MonoIgnoreElements.java:89)
		at reactor.core.publisher.FluxHandle$HandleSubscriber.onComplete(FluxHandle.java:223)
		at reactor.core.publisher.FluxSwitchIfEmpty$SwitchIfEmptySubscriber.onComplete(FluxSwitchIfEmpty.java:85)
		at reactor.core.publisher.MonoCallable$MonoCallableSubscription.request(MonoCallable.java:159)
		at reactor.core.publisher.Operators$MultiSubscriptionSubscriber.set(Operators.java:2367)
		at reactor.core.publisher.Operators$MultiSubscriptionSubscriber.onSubscribe(Operators.java:2241)
		at reactor.core.publisher.MonoCallable.subscribe(MonoCallable.java:48)
		at reactor.core.publisher.Mono.subscribe(Mono.java:4568)
		at reactor.core.publisher.MonoIgnoreThen$ThenIgnoreMain.subscribeNext(MonoIgnoreThen.java:265)
		at reactor.core.publisher.MonoIgnoreThen.subscribe(MonoIgnoreThen.java:51)
		at reactor.core.publisher.InternalMonoOperator.subscribe(InternalMonoOperator.java:76)
		at reactor.core.publisher.MonoDefer.subscribe(MonoDefer.java:53)
		at reactor.core.publisher.Mono.subscribe(Mono.java:4568)
		at reactor.core.publisher.FluxOnErrorResume$ResumeSubscriber.onError(FluxOnErrorResume.java:103)
		at reactor.core.publisher.MonoIgnoreElements$IgnoreElementsSubscriber.onError(MonoIgnoreElements.java:84)
		at reactor.core.publisher.FluxMap$MapSubscriber.onError(FluxMap.java:134)
		at reactor.core.publisher.FluxFilter$FilterSubscriber.onError(FluxFilter.java:157)
		at reactor.core.publisher.FluxFilter$FilterConditionalSubscriber.onError(FluxFilter.java:291)
		at reactor.core.publisher.FluxMap$MapConditionalSubscriber.onError(FluxMap.java:265)
		at reactor.core.publisher.Operators.error(Operators.java:198)
		at reactor.core.publisher.MonoError.subscribe(MonoError.java:53)
		at reactor.core.publisher.MonoDeferContextual.subscribe(MonoDeferContextual.java:55)
		at reactor.core.publisher.InternalMonoOperator.subscribe(InternalMonoOperator.java:76)
		at reactor.core.publisher.MonoDefer.subscribe(MonoDefer.java:53)
		at reactor.core.publisher.Mono.subscribe(Mono.java:4568)
		at reactor.core.publisher.FluxUsingWhen$UsingWhenSubscriber.onError(FluxUsingWhen.java:368)
		at reactor.core.publisher.FluxFlatMap$FlatMapMain.checkTerminated(FluxFlatMap.java:846)
		at reactor.core.publisher.FluxFlatMap$FlatMapMain.drainLoop(FluxFlatMap.java:612)
		at reactor.core.publisher.FluxFlatMap$FlatMapMain.drain(FluxFlatMap.java:592)
		at reactor.core.publisher.FluxFlatMap$FlatMapMain.onError(FluxFlatMap.java:455)
		at reactor.core.publisher.FluxMap$MapSubscriber.onError(FluxMap.java:134)
		at reactor.core.publisher.FluxMapFuseable$MapFuseableSubscriber.onError(FluxMapFuseable.java:142)
		at reactor.core.publisher.Operators.error(Operators.java:198)
		at reactor.core.publisher.FluxIterable.subscribe(FluxIterable.java:190)
		at reactor.core.publisher.FluxIterable.subscribe(FluxIterable.java:83)
		at reactor.core.publisher.Flux.subscribe(Flux.java:8840)
		at reactor.core.publisher.FluxFlatMap.trySubscribeScalarMap(FluxFlatMap.java:202)
		at reactor.core.publisher.FluxFlatMap.subscribeOrReturn(FluxFlatMap.java:94)
		at reactor.core.publisher.Flux.subscribe(Flux.java:8825)
		at reactor.core.publisher.FluxUsingWhen$ResourceSubscriber.onNext(FluxUsingWhen.java:198)
		at reactor.core.publisher.FluxMap$MapSubscriber.onNext(FluxMap.java:122)
		at reactor.core.publisher.FluxOnErrorResume$ResumeSubscriber.onNext(FluxOnErrorResume.java:79)
		at reactor.core.publisher.FluxOnErrorResume$ResumeSubscriber.onNext(FluxOnErrorResume.java:79)
		at reactor.core.publisher.FluxRetry$RetrySubscriber.onNext(FluxRetry.java:88)
		at reactor.core.publisher.MonoFlatMap$FlatMapMain.secondComplete(MonoFlatMap.java:245)
		at reactor.core.publisher.MonoFlatMap$FlatMapInner.onNext(MonoFlatMap.java:305)
		at io.r2dbc.pool.MonoDiscardOnCancel$MonoDiscardOnCancelSubscriber.onNext(MonoDiscardOnCancel.java:92)
		at reactor.core.publisher.FluxOnErrorResume$ResumeSubscriber.onNext(FluxOnErrorResume.java:79)
		at reactor.core.publisher.MonoIgnoreThen$ThenIgnoreMain.complete(MonoIgnoreThen.java:294)
		at reactor.core.publisher.MonoIgnoreThen$ThenIgnoreMain.onNext(MonoIgnoreThen.java:188)
		at reactor.core.publisher.MonoIgnoreThen$ThenIgnoreMain.subscribeNext(MonoIgnoreThen.java:237)
		at reactor.core.publisher.MonoIgnoreThen$ThenIgnoreMain.onComplete(MonoIgnoreThen.java:204)
		at reactor.core.publisher.MonoIgnoreElements$IgnoreElementsSubscriber.onComplete(MonoIgnoreElements.java:89)
		at reactor.core.publisher.FluxHandle$HandleSubscriber.onComplete(FluxHandle.java:223)
		at reactor.core.publisher.FluxSwitchIfEmpty$SwitchIfEmptySubscriber.onComplete(FluxSwitchIfEmpty.java:85)
		at reactor.core.publisher.MonoCallable$MonoCallableSubscription.request(MonoCallable.java:159)
		at reactor.core.publisher.Operators$MultiSubscriptionSubscriber.set(Operators.java:2367)
		at reactor.core.publisher.Operators$MultiSubscriptionSubscriber.onSubscribe(Operators.java:2241)
		at reactor.core.publisher.MonoCallable.subscribe(MonoCallable.java:48)
		at reactor.core.publisher.Mono.subscribe(Mono.java:4568)
		at reactor.core.publisher.MonoIgnoreThen$ThenIgnoreMain.subscribeNext(MonoIgnoreThen.java:265)
		at reactor.core.publisher.MonoIgnoreThen.subscribe(MonoIgnoreThen.java:51)
		at reactor.core.publisher.InternalMonoOperator.subscribe(InternalMonoOperator.java:76)
		at io.r2dbc.pool.MonoDiscardOnCancel.subscribe(MonoDiscardOnCancel.java:50)
		at reactor.core.publisher.MonoFlatMap$FlatMapMain.onNext(MonoFlatMap.java:165)
		at reactor.pool.AbstractPool$Borrower.deliver(AbstractPool.java:480)
		at reactor.pool.SimpleDequePool.lambda$drainLoop$9(SimpleDequePool.java:428)
		at reactor.core.publisher.FluxDoOnEach$DoOnEachSubscriber.onNext(FluxDoOnEach.java:154)
		at reactor.core.publisher.MonoSubscribeOn$SubscribeOnSubscriber.onNext(MonoSubscribeOn.java:146)
		at reactor.core.publisher.FluxMapFuseable$MapFuseableSubscriber.onNext(FluxMapFuseable.java:129)
		at reactor.core.publisher.MonoSupplier$MonoSupplierSubscription.request(MonoSupplier.java:145)
		at reactor.core.publisher.FluxMapFuseable$MapFuseableSubscriber.request(FluxMapFuseable.java:171)
		at reactor.core.publisher.MonoSubscribeOn$SubscribeOnSubscriber.trySchedule(MonoSubscribeOn.java:189)
		at reactor.core.publisher.MonoSubscribeOn$SubscribeOnSubscriber.onSubscribe(MonoSubscribeOn.java:134)
		at reactor.core.publisher.FluxMapFuseable$MapFuseableSubscriber.onSubscribe(FluxMapFuseable.java:96)
		at reactor.core.publisher.MonoSupplier.subscribe(MonoSupplier.java:48)
		at reactor.core.publisher.Mono.subscribe(Mono.java:4568)
		at reactor.core.publisher.MonoSubscribeOn$SubscribeOnSubscriber.run(MonoSubscribeOn.java:126)
		at reactor.core.scheduler.WorkerTask.call(WorkerTask.java:84)
		at reactor.core.scheduler.WorkerTask.call(WorkerTask.java:37)
		at java.base/java.util.concurrent.FutureTask.run(FutureTask.java:317)
		at java.base/java.util.concurrent.ScheduledThreadPoolExecutor$ScheduledFutureTask.run(ScheduledThreadPoolExecutor.java:304)
		at java.base/java.util.concurrent.ThreadPoolExecutor.runWorker(ThreadPoolExecutor.java:1144)
		at java.base/java.util.concurrent.ThreadPoolExecutor$Worker.run(ThreadPoolExecutor.java:642)
		at java.base/java.lang.Thread.run(Thread.java:1583)
Caused by: io.r2dbc.spi.R2dbcBadGrammarException: Table "COMPANIES" not found (this database is empty); SQL statement:
INSERT INTO companies (CVR, PHONE_NUMBER) VALUES ($1, $2) [42104-224]
	at io.r2dbc.h2.H2DatabaseExceptionFactory.convert(H2DatabaseExceptionFactory.java:84)
	Suppressed: reactor.core.publisher.FluxOnAssembly$OnAssemblyException: 
Error has been observed at the following site(s):
	*__checkpoint ⇢ SQL "INSERT INTO companies (CVR, PHONE_NUMBER) VALUES ($1, $2)" [DatabaseClient]
Original Stack Trace:
		at io.r2dbc.h2.H2DatabaseExceptionFactory.convert(H2DatabaseExceptionFactory.java:84)
		at io.r2dbc.h2.client.SessionClient.createCommand(SessionClient.java:166)
		at io.r2dbc.h2.client.SessionClient.access$000(SessionClient.java:39)
		at io.r2dbc.h2.client.SessionClient$1.next(SessionClient.java:120)
		at io.r2dbc.h2.client.SessionClient$1.next(SessionClient.java:108)
		at java.base/java.util.Spliterators$IteratorSpliterator.tryAdvance(Spliterators.java:1950)
		at reactor.core.publisher.FluxIterable$IterableSubscription.hasNext(FluxIterable.java:271)
		at reactor.core.publisher.FluxIterable.subscribe(FluxIterable.java:187)
		at reactor.core.publisher.FluxIterable.subscribe(FluxIterable.java:83)
		at reactor.core.publisher.Flux.subscribe(Flux.java:8840)
		at reactor.core.publisher.FluxFlatMap.trySubscribeScalarMap(FluxFlatMap.java:202)
		at reactor.core.publisher.FluxFlatMap.subscribeOrReturn(FluxFlatMap.java:94)
		at reactor.core.publisher.Flux.subscribe(Flux.java:8825)
		at reactor.core.publisher.FluxUsingWhen$ResourceSubscriber.onNext(FluxUsingWhen.java:198)
		at reactor.core.publisher.FluxMap$MapSubscriber.onNext(FluxMap.java:122)
		at reactor.core.publisher.FluxOnErrorResume$ResumeSubscriber.onNext(FluxOnErrorResume.java:79)
		at reactor.core.publisher.FluxOnErrorResume$ResumeSubscriber.onNext(FluxOnErrorResume.java:79)
		at reactor.core.publisher.FluxRetry$RetrySubscriber.onNext(FluxRetry.java:88)
		at reactor.core.publisher.MonoFlatMap$FlatMapMain.secondComplete(MonoFlatMap.java:245)
		at reactor.core.publisher.MonoFlatMap$FlatMapInner.onNext(MonoFlatMap.java:305)
		at io.r2dbc.pool.MonoDiscardOnCancel$MonoDiscardOnCancelSubscriber.onNext(MonoDiscardOnCancel.java:92)
		at reactor.core.publisher.FluxOnErrorResume$ResumeSubscriber.onNext(FluxOnErrorResume.java:79)
		at reactor.core.publisher.MonoIgnoreThen$ThenIgnoreMain.complete(MonoIgnoreThen.java:294)
		at reactor.core.publisher.MonoIgnoreThen$ThenIgnoreMain.onNext(MonoIgnoreThen.java:188)
		at reactor.core.publisher.MonoIgnoreThen$ThenIgnoreMain.subscribeNext(MonoIgnoreThen.java:237)
		at reactor.core.publisher.MonoIgnoreThen$ThenIgnoreMain.onComplete(MonoIgnoreThen.java:204)
		at reactor.core.publisher.MonoIgnoreElements$IgnoreElementsSubscriber.onComplete(MonoIgnoreElements.java:89)
		at reactor.core.publisher.FluxHandle$HandleSubscriber.onComplete(FluxHandle.java:223)
		at reactor.core.publisher.FluxSwitchIfEmpty$SwitchIfEmptySubscriber.onComplete(FluxSwitchIfEmpty.java:85)
		at reactor.core.publisher.MonoCallable$MonoCallableSubscription.request(MonoCallable.java:159)
		at reactor.core.publisher.Operators$MultiSubscriptionSubscriber.set(Operators.java:2367)
		at reactor.core.publisher.Operators$MultiSubscriptionSubscriber.onSubscribe(Operators.java:2241)
		at reactor.core.publisher.MonoCallable.subscribe(MonoCallable.java:48)
		at reactor.core.publisher.Mono.subscribe(Mono.java:4568)
		at reactor.core.publisher.MonoIgnoreThen$ThenIgnoreMain.subscribeNext(MonoIgnoreThen.java:265)
		at reactor.core.publisher.MonoIgnoreThen.subscribe(MonoIgnoreThen.java:51)
		at reactor.core.publisher.InternalMonoOperator.subscribe(InternalMonoOperator.java:76)
		at io.r2dbc.pool.MonoDiscardOnCancel.subscribe(MonoDiscardOnCancel.java:50)
		at reactor.core.publisher.MonoFlatMap$FlatMapMain.onNext(MonoFlatMap.java:165)
		at reactor.pool.AbstractPool$Borrower.deliver(AbstractPool.java:480)
		at reactor.pool.SimpleDequePool.lambda$drainLoop$9(SimpleDequePool.java:428)
		at reactor.core.publisher.FluxDoOnEach$DoOnEachSubscriber.onNext(FluxDoOnEach.java:154)
		at reactor.core.publisher.MonoSubscribeOn$SubscribeOnSubscriber.onNext(MonoSubscribeOn.java:146)
		at reactor.core.publisher.FluxMapFuseable$MapFuseableSubscriber.onNext(FluxMapFuseable.java:129)
		at reactor.core.publisher.MonoSupplier$MonoSupplierSubscription.request(MonoSupplier.java:145)
		at reactor.core.publisher.FluxMapFuseable$MapFuseableSubscriber.request(FluxMapFuseable.java:171)
		at reactor.core.publisher.MonoSubscribeOn$SubscribeOnSubscriber.trySchedule(MonoSubscribeOn.java:189)
		at reactor.core.publisher.MonoSubscribeOn$SubscribeOnSubscriber.onSubscribe(MonoSubscribeOn.java:134)
		at reactor.core.publisher.FluxMapFuseable$MapFuseableSubscriber.onSubscribe(FluxMapFuseable.java:96)
		at reactor.core.publisher.MonoSupplier.subscribe(MonoSupplier.java:48)
		at reactor.core.publisher.Mono.subscribe(Mono.java:4568)
		at reactor.core.publisher.MonoSubscribeOn$SubscribeOnSubscriber.run(MonoSubscribeOn.java:126)
		at reactor.core.scheduler.WorkerTask.call(WorkerTask.java:84)
		at reactor.core.scheduler.WorkerTask.call(WorkerTask.java:37)
		at java.base/java.util.concurrent.FutureTask.run(FutureTask.java:317)
		at java.base/java.util.concurrent.ScheduledThreadPoolExecutor$ScheduledFutureTask.run(ScheduledThreadPoolExecutor.java:304)
		at java.base/java.util.concurrent.ThreadPoolExecutor.runWorker(ThreadPoolExecutor.java:1144)
		at java.base/java.util.concurrent.ThreadPoolExecutor$Worker.run(ThreadPoolExecutor.java:642)
		at java.base/java.lang.Thread.run(Thread.java:1583)
Caused by: org.h2.jdbc.JdbcSQLSyntaxErrorException: Table "COMPANIES" not found (this database is empty); SQL statement:
INSERT INTO companies (CVR, PHONE_NUMBER) VALUES ($1, $2) [42104-224]
	at org.h2.message.DbException.getJdbcSQLException(DbException.java:514)
	at org.h2.message.DbException.getJdbcSQLException(DbException.java:489)
	at org.h2.message.DbException.get(DbException.java:223)
	at org.h2.message.DbException.get(DbException.java:199)
	at org.h2.command.Parser.getTableOrViewNotFoundDbException(Parser.java:8051)
	at org.h2.command.Parser.getTableOrViewNotFoundDbException(Parser.java:8035)
	at org.h2.command.Parser.readTableOrView(Parser.java:8024)
	at org.h2.command.Parser.readTableOrView(Parser.java:7990)
	at org.h2.command.Parser.parseInsert(Parser.java:1540)
	at org.h2.command.Parser.parsePrepared(Parser.java:719)
	at org.h2.command.Parser.parse(Parser.java:592)
	at org.h2.command.Parser.parse(Parser.java:564)
	at org.h2.command.Parser.prepareCommand(Parser.java:483)
	at org.h2.engine.SessionLocal.prepareLocal(SessionLocal.java:639)
	at org.h2.engine.SessionLocal.prepareCommand(SessionLocal.java:559)
	at io.r2dbc.h2.client.SessionClient.createCommand(SessionClient.java:157)
	at io.r2dbc.h2.client.SessionClient.access$000(SessionClient.java:39)
	at io.r2dbc.h2.client.SessionClient$1.next(SessionClient.java:120)
	at io.r2dbc.h2.client.SessionClient$1.next(SessionClient.java:108)
	at java.base/java.util.Spliterators$IteratorSpliterator.tryAdvance(Spliterators.java:1950)
	at reactor.core.publisher.FluxIterable$IterableSubscription.hasNext(FluxIterable.java:271)
	at reactor.core.publisher.FluxIterable.subscribe(FluxIterable.java:187)
	at reactor.core.publisher.FluxIterable.subscribe(FluxIterable.java:83)
	at reactor.core.publisher.Flux.subscribe(Flux.java:8840)
	at reactor.core.publisher.FluxFlatMap.trySubscribeScalarMap(FluxFlatMap.java:202)
	at reactor.core.publisher.FluxFlatMap.subscribeOrReturn(FluxFlatMap.java:94)
	at reactor.core.publisher.Flux.subscribe(Flux.java:8825)
	at reactor.core.publisher.FluxUsingWhen$ResourceSubscriber.onNext(FluxUsingWhen.java:198)
	at reactor.core.publisher.FluxMap$MapSubscriber.onNext(FluxMap.java:122)
	at reactor.core.publisher.FluxOnErrorResume$ResumeSubscriber.onNext(FluxOnErrorResume.java:79)
	at reactor.core.publisher.FluxOnErrorResume$ResumeSubscriber.onNext(FluxOnErrorResume.java:79)
	at reactor.core.publisher.FluxRetry$RetrySubscriber.onNext(FluxRetry.java:88)
	at reactor.core.publisher.MonoFlatMap$FlatMapMain.secondComplete(MonoFlatMap.java:245)
	at reactor.core.publisher.MonoFlatMap$FlatMapInner.onNext(MonoFlatMap.java:305)
	at io.r2dbc.pool.MonoDiscardOnCancel$MonoDiscardOnCancelSubscriber.onNext(MonoDiscardOnCancel.java:92)
	at reactor.core.publisher.FluxOnErrorResume$ResumeSubscriber.onNext(FluxOnErrorResume.java:79)
	at reactor.core.publisher.MonoIgnoreThen$ThenIgnoreMain.complete(MonoIgnoreThen.java:294)
	at reactor.core.publisher.MonoIgnoreThen$ThenIgnoreMain.onNext(MonoIgnoreThen.java:188)
	at reactor.core.publisher.MonoIgnoreThen$ThenIgnoreMain.subscribeNext(MonoIgnoreThen.java:237)
	at reactor.core.publisher.MonoIgnoreThen$ThenIgnoreMain.onComplete(MonoIgnoreThen.java:204)
	at reactor.core.publisher.MonoIgnoreElements$IgnoreElementsSubscriber.onComplete(MonoIgnoreElements.java:89)
	at reactor.core.publisher.FluxHandle$HandleSubscriber.onComplete(FluxHandle.java:223)
	at reactor.core.publisher.FluxSwitchIfEmpty$SwitchIfEmptySubscriber.onComplete(FluxSwitchIfEmpty.java:85)
	at reactor.core.publisher.MonoCallable$MonoCallableSubscription.request(MonoCallable.java:159)
	at reactor.core.publisher.Operators$MultiSubscriptionSubscriber.set(Operators.java:2367)
	at reactor.core.publisher.Operators$MultiSubscriptionSubscriber.onSubscribe(Operators.java:2241)
	at reactor.core.publisher.MonoCallable.subscribe(MonoCallable.java:48)
	at reactor.core.publisher.Mono.subscribe(Mono.java:4568)
	at reactor.core.publisher.MonoIgnoreThen$ThenIgnoreMain.subscribeNext(MonoIgnoreThen.java:265)
	at reactor.core.publisher.MonoIgnoreThen.subscribe(MonoIgnoreThen.java:51)
	at reactor.core.publisher.InternalMonoOperator.subscribe(InternalMonoOperator.java:76)
	at io.r2dbc.pool.MonoDiscardOnCancel.subscribe(MonoDiscardOnCancel.java:50)
	at reactor.core.publisher.MonoFlatMap$FlatMapMain.onNext(MonoFlatMap.java:165)
	at reactor.pool.AbstractPool$Borrower.deliver(AbstractPool.java:480)
	at reactor.pool.SimpleDequePool.lambda$drainLoop$9(SimpleDequePool.java:428)
	at reactor.core.publisher.FluxDoOnEach$DoOnEachSubscriber.onNext(FluxDoOnEach.java:154)
	at reactor.core.publisher.MonoSubscribeOn$SubscribeOnSubscriber.onNext(MonoSubscribeOn.java:146)
	at reactor.core.publisher.FluxMapFuseable$MapFuseableSubscriber.onNext(FluxMapFuseable.java:129)
	at reactor.core.publisher.MonoSupplier$MonoSupplierSubscription.request(MonoSupplier.java:145)
	at reactor.core.publisher.FluxMapFuseable$MapFuseableSubscriber.request(FluxMapFuseable.java:171)
	at reactor.core.publisher.MonoSubscribeOn$SubscribeOnSubscriber.trySchedule(MonoSubscribeOn.java:189)
	at reactor.core.publisher.MonoSubscribeOn$SubscribeOnSubscriber.onSubscribe(MonoSubscribeOn.java:134)
	at reactor.core.publisher.FluxMapFuseable$MapFuseableSubscriber.onSubscribe(FluxMapFuseable.java:96)
	at reactor.core.publisher.MonoSupplier.subscribe(MonoSupplier.java:48)
	at reactor.core.publisher.Mono.subscribe(Mono.java:4568)
	at reactor.core.publisher.MonoSubscribeOn$SubscribeOnSubscriber.run(MonoSubscribeOn.java:126)
	at reactor.core.scheduler.WorkerTask.call(WorkerTask.java:84)
	at reactor.core.scheduler.WorkerTask.call(WorkerTask.java:37)
	at java.base/java.util.concurrent.FutureTask.run(FutureTask.java:317)
	at java.base/java.util.concurrent.ScheduledThreadPoolExecutor$ScheduledFutureTask.run(ScheduledThreadPoolExecutor.java:304)
	at java.base/java.util.concurrent.ThreadPoolExecutor.runWorker(ThreadPoolExecutor.java:1144)
	at java.base/java.util.concurrent.ThreadPoolExecutor$Worker.run(ThreadPoolExecutor.java:642)
	at java.base/java.lang.Thread.run(Thread.java:1583)
2026-03-15 17:18:47 [background-preinit] INFO  o.h.validator.internal.util.Version - HV000001: Hibernate Validator 8.0.1.Final
2026-03-15 17:18:47 [main] INFO  org.almb.BootApplication - Starting BootApplication using Java 21.0.10 with PID 50087 (/Users/ejnake/dev/project/java-almb-api/target/classes started by ejnake in /Users/ejnake/dev/project/java-almb-api)
2026-03-15 17:18:47 [main] DEBUG org.almb.BootApplication - Running with Spring Boot v3.2.5, Spring v6.1.6
2026-03-15 17:18:47 [main] INFO  org.almb.BootApplication - No active profile set, falling back to 1 default profile: "default"
2026-03-15 17:18:47 [main] INFO  o.s.d.r.c.RepositoryConfigurationDelegate - Bootstrapping Spring Data R2DBC repositories in DEFAULT mode.
2026-03-15 17:18:47 [main] INFO  o.s.d.r.c.RepositoryConfigurationDelegate - Finished Spring Data repository scanning in 59 ms. Found 1 R2DBC repository interface.
2026-03-15 17:18:47 [main] INFO  o.s.b.w.e.netty.NettyWebServer - Netty started on port 8080
2026-03-15 17:18:47 [main] INFO  org.almb.BootApplication - Started BootApplication in 1.026 seconds (process running for 1.157)
2026-03-15 17:18:59 [reactor-http-nio-2] INFO  o.s.api.AbstractOpenApiResource - Init duration for springdoc-openapi is: 138 ms
2026-03-15 17:19:16 [single-1] ERROR o.s.b.a.w.r.e.AbstractErrorWebExceptionHandler - [18754132-7]  500 Server Error for HTTP POST "/companies"
org.springframework.r2dbc.BadSqlGrammarException: executeMany; bad SQL grammar [INSERT INTO companies (CVR, PHONE_NUMBER) VALUES ($1, $2)]
	at org.springframework.r2dbc.connection.ConnectionFactoryUtils.convertR2dbcException(ConnectionFactoryUtils.java:253)
	Suppressed: reactor.core.publisher.FluxOnAssembly$OnAssemblyException: 
Error has been observed at the following site(s):
	*__checkpoint ⇢ Handler org.almb.adapter.in.web.controller.CompanyController#createCompany(Company) [DispatcherHandler]
	*__checkpoint ⇢ HTTP POST "/companies" [ExceptionHandlingWebHandler]
Original Stack Trace:
		at org.springframework.r2dbc.connection.ConnectionFactoryUtils.convertR2dbcException(ConnectionFactoryUtils.java:253)
		at org.springframework.r2dbc.core.DefaultDatabaseClient.lambda$inConnectionMany$8(DefaultDatabaseClient.java:156)
		at reactor.core.publisher.Flux.lambda$onErrorMap$28(Flux.java:7302)
		at reactor.core.publisher.Flux.lambda$onErrorResume$29(Flux.java:7355)
		at reactor.core.publisher.FluxOnErrorResume$ResumeSubscriber.onError(FluxOnErrorResume.java:94)
		at reactor.core.publisher.FluxUsingWhen$UsingWhenSubscriber.deferredError(FluxUsingWhen.java:403)
		at reactor.core.publisher.FluxUsingWhen$RollbackInner.onComplete(FluxUsingWhen.java:480)
		at reactor.core.publisher.Operators$MultiSubscriptionSubscriber.onComplete(Operators.java:2231)
		at reactor.core.publisher.FluxPeek$PeekSubscriber.onComplete(FluxPeek.java:260)
		at reactor.core.publisher.Operators$MultiSubscriptionSubscriber.onComplete(Operators.java:2231)
		at reactor.core.publisher.MonoIgnoreThen$ThenIgnoreMain.onComplete(MonoIgnoreThen.java:210)
		at reactor.core.publisher.MonoIgnoreThen$ThenIgnoreMain.onComplete(MonoIgnoreThen.java:210)
		at reactor.pool.SimpleDequePool.maybeRecycleAndDrain(SimpleDequePool.java:540)
		at reactor.pool.SimpleDequePool$QueuePoolRecyclerInner.onComplete(SimpleDequePool.java:770)
		at reactor.core.publisher.Operators.complete(Operators.java:137)
		at reactor.core.publisher.MonoEmpty.subscribe(MonoEmpty.java:46)
		at reactor.core.publisher.Mono.subscribe(Mono.java:4568)
		at reactor.pool.SimpleDequePool$QueuePoolRecyclerMono.subscribe(SimpleDequePool.java:882)
		at reactor.core.publisher.MonoDefer.subscribe(MonoDefer.java:53)
		at reactor.core.publisher.MonoIgnoreThen$ThenIgnoreMain.subscribeNext(MonoIgnoreThen.java:241)
		at reactor.core.publisher.MonoIgnoreThen$ThenIgnoreMain.onComplete(MonoIgnoreThen.java:204)
		at reactor.core.publisher.FluxPeek$PeekSubscriber.onComplete(FluxPeek.java:260)
		at reactor.core.publisher.Operators.complete(Operators.java:137)
		at reactor.core.publisher.MonoEmpty.subscribe(MonoEmpty.java:46)
		at reactor.core.publisher.Mono.subscribe(Mono.java:4568)
		at reactor.core.publisher.MonoIgnoreThen$ThenIgnoreMain.subscribeNext(MonoIgnoreThen.java:265)
		at reactor.core.publisher.MonoIgnoreThen.subscribe(MonoIgnoreThen.java:51)
		at reactor.core.publisher.MonoDefer.subscribe(MonoDefer.java:53)
		at reactor.core.publisher.MonoIgnoreThen$ThenIgnoreMain.subscribeNext(MonoIgnoreThen.java:241)
		at reactor.core.publisher.MonoIgnoreThen$ThenIgnoreMain.onComplete(MonoIgnoreThen.java:204)
		at reactor.core.publisher.MonoIgnoreElements$IgnoreElementsSubscriber.onComplete(MonoIgnoreElements.java:89)
		at reactor.core.publisher.FluxHandle$HandleSubscriber.onComplete(FluxHandle.java:223)
		at reactor.core.publisher.FluxSwitchIfEmpty$SwitchIfEmptySubscriber.onComplete(FluxSwitchIfEmpty.java:85)
		at reactor.core.publisher.MonoCallable$MonoCallableSubscription.request(MonoCallable.java:159)
		at reactor.core.publisher.Operators$MultiSubscriptionSubscriber.set(Operators.java:2367)
		at reactor.core.publisher.Operators$MultiSubscriptionSubscriber.onSubscribe(Operators.java:2241)
		at reactor.core.publisher.MonoCallable.subscribe(MonoCallable.java:48)
		at reactor.core.publisher.Mono.subscribe(Mono.java:4568)
		at reactor.core.publisher.MonoIgnoreThen$ThenIgnoreMain.subscribeNext(MonoIgnoreThen.java:265)
		at reactor.core.publisher.MonoIgnoreThen.subscribe(MonoIgnoreThen.java:51)
		at reactor.core.publisher.InternalMonoOperator.subscribe(InternalMonoOperator.java:76)
		at reactor.core.publisher.MonoDefer.subscribe(MonoDefer.java:53)
		at reactor.core.publisher.Mono.subscribe(Mono.java:4568)
		at reactor.core.publisher.FluxOnErrorResume$ResumeSubscriber.onError(FluxOnErrorResume.java:103)
		at reactor.core.publisher.MonoIgnoreElements$IgnoreElementsSubscriber.onError(MonoIgnoreElements.java:84)
		at reactor.core.publisher.FluxMap$MapSubscriber.onError(FluxMap.java:134)
		at reactor.core.publisher.FluxFilter$FilterSubscriber.onError(FluxFilter.java:157)
		at reactor.core.publisher.FluxFilter$FilterConditionalSubscriber.onError(FluxFilter.java:291)
		at reactor.core.publisher.FluxMap$MapConditionalSubscriber.onError(FluxMap.java:265)
		at reactor.core.publisher.Operators.error(Operators.java:198)
		at reactor.core.publisher.MonoError.subscribe(MonoError.java:53)
		at reactor.core.publisher.MonoDeferContextual.subscribe(MonoDeferContextual.java:55)
		at reactor.core.publisher.InternalMonoOperator.subscribe(InternalMonoOperator.java:76)
		at reactor.core.publisher.MonoDefer.subscribe(MonoDefer.java:53)
		at reactor.core.publisher.Mono.subscribe(Mono.java:4568)
		at reactor.core.publisher.FluxUsingWhen$UsingWhenSubscriber.onError(FluxUsingWhen.java:368)
		at reactor.core.publisher.FluxFlatMap$FlatMapMain.checkTerminated(FluxFlatMap.java:846)
		at reactor.core.publisher.FluxFlatMap$FlatMapMain.drainLoop(FluxFlatMap.java:612)
		at reactor.core.publisher.FluxFlatMap$FlatMapMain.drain(FluxFlatMap.java:592)
		at reactor.core.publisher.FluxFlatMap$FlatMapMain.onError(FluxFlatMap.java:455)
		at reactor.core.publisher.FluxMap$MapSubscriber.onError(FluxMap.java:134)
		at reactor.core.publisher.FluxMapFuseable$MapFuseableSubscriber.onError(FluxMapFuseable.java:142)
		at reactor.core.publisher.Operators.error(Operators.java:198)
		at reactor.core.publisher.FluxIterable.subscribe(FluxIterable.java:190)
		at reactor.core.publisher.FluxIterable.subscribe(FluxIterable.java:83)
		at reactor.core.publisher.Flux.subscribe(Flux.java:8840)
		at reactor.core.publisher.FluxFlatMap.trySubscribeScalarMap(FluxFlatMap.java:202)
		at reactor.core.publisher.FluxFlatMap.subscribeOrReturn(FluxFlatMap.java:94)
		at reactor.core.publisher.Flux.subscribe(Flux.java:8825)
		at reactor.core.publisher.FluxUsingWhen$ResourceSubscriber.onNext(FluxUsingWhen.java:198)
		at reactor.core.publisher.FluxMap$MapSubscriber.onNext(FluxMap.java:122)
		at reactor.core.publisher.FluxOnErrorResume$ResumeSubscriber.onNext(FluxOnErrorResume.java:79)
		at reactor.core.publisher.FluxOnErrorResume$ResumeSubscriber.onNext(FluxOnErrorResume.java:79)
		at reactor.core.publisher.FluxRetry$RetrySubscriber.onNext(FluxRetry.java:88)
		at reactor.core.publisher.MonoFlatMap$FlatMapMain.secondComplete(MonoFlatMap.java:245)
		at reactor.core.publisher.MonoFlatMap$FlatMapInner.onNext(MonoFlatMap.java:305)
		at io.r2dbc.pool.MonoDiscardOnCancel$MonoDiscardOnCancelSubscriber.onNext(MonoDiscardOnCancel.java:92)
		at reactor.core.publisher.FluxOnErrorResume$ResumeSubscriber.onNext(FluxOnErrorResume.java:79)
		at reactor.core.publisher.MonoIgnoreThen$ThenIgnoreMain.complete(MonoIgnoreThen.java:294)
		at reactor.core.publisher.MonoIgnoreThen$ThenIgnoreMain.onNext(MonoIgnoreThen.java:188)
		at reactor.core.publisher.MonoIgnoreThen$ThenIgnoreMain.subscribeNext(MonoIgnoreThen.java:237)
		at reactor.core.publisher.MonoIgnoreThen$ThenIgnoreMain.onComplete(MonoIgnoreThen.java:204)
		at reactor.core.publisher.MonoIgnoreElements$IgnoreElementsSubscriber.onComplete(MonoIgnoreElements.java:89)
		at reactor.core.publisher.FluxHandle$HandleSubscriber.onComplete(FluxHandle.java:223)
		at reactor.core.publisher.FluxSwitchIfEmpty$SwitchIfEmptySubscriber.onComplete(FluxSwitchIfEmpty.java:85)
		at reactor.core.publisher.MonoCallable$MonoCallableSubscription.request(MonoCallable.java:159)
		at reactor.core.publisher.Operators$MultiSubscriptionSubscriber.set(Operators.java:2367)
		at reactor.core.publisher.Operators$MultiSubscriptionSubscriber.onSubscribe(Operators.java:2241)
		at reactor.core.publisher.MonoCallable.subscribe(MonoCallable.java:48)
		at reactor.core.publisher.Mono.subscribe(Mono.java:4568)
		at reactor.core.publisher.MonoIgnoreThen$ThenIgnoreMain.subscribeNext(MonoIgnoreThen.java:265)
		at reactor.core.publisher.MonoIgnoreThen.subscribe(MonoIgnoreThen.java:51)
		at reactor.core.publisher.InternalMonoOperator.subscribe(InternalMonoOperator.java:76)
		at io.r2dbc.pool.MonoDiscardOnCancel.subscribe(MonoDiscardOnCancel.java:50)
		at reactor.core.publisher.MonoFlatMap$FlatMapMain.onNext(MonoFlatMap.java:165)
		at reactor.pool.AbstractPool$Borrower.deliver(AbstractPool.java:480)
		at reactor.pool.SimpleDequePool.lambda$drainLoop$9(SimpleDequePool.java:428)
		at reactor.core.publisher.FluxDoOnEach$DoOnEachSubscriber.onNext(FluxDoOnEach.java:154)
		at reactor.core.publisher.MonoSubscribeOn$SubscribeOnSubscriber.onNext(MonoSubscribeOn.java:146)
		at reactor.core.publisher.FluxMapFuseable$MapFuseableSubscriber.onNext(FluxMapFuseable.java:129)
		at reactor.core.publisher.MonoSupplier$MonoSupplierSubscription.request(MonoSupplier.java:145)
		at reactor.core.publisher.FluxMapFuseable$MapFuseableSubscriber.request(FluxMapFuseable.java:171)
		at reactor.core.publisher.MonoSubscribeOn$SubscribeOnSubscriber.trySchedule(MonoSubscribeOn.java:189)
		at reactor.core.publisher.MonoSubscribeOn$SubscribeOnSubscriber.onSubscribe(MonoSubscribeOn.java:134)
		at reactor.core.publisher.FluxMapFuseable$MapFuseableSubscriber.onSubscribe(FluxMapFuseable.java:96)
		at reactor.core.publisher.MonoSupplier.subscribe(MonoSupplier.java:48)
		at reactor.core.publisher.Mono.subscribe(Mono.java:4568)
		at reactor.core.publisher.MonoSubscribeOn$SubscribeOnSubscriber.run(MonoSubscribeOn.java:126)
		at reactor.core.scheduler.WorkerTask.call(WorkerTask.java:84)
		at reactor.core.scheduler.WorkerTask.call(WorkerTask.java:37)
		at java.base/java.util.concurrent.FutureTask.run(FutureTask.java:317)
		at java.base/java.util.concurrent.ScheduledThreadPoolExecutor$ScheduledFutureTask.run(ScheduledThreadPoolExecutor.java:304)
		at java.base/java.util.concurrent.ThreadPoolExecutor.runWorker(ThreadPoolExecutor.java:1144)
		at java.base/java.util.concurrent.ThreadPoolExecutor$Worker.run(ThreadPoolExecutor.java:642)
		at java.base/java.lang.Thread.run(Thread.java:1583)
Caused by: io.r2dbc.spi.R2dbcBadGrammarException: Table "COMPANIES" not found (this database is empty); SQL statement:
INSERT INTO companies (CVR, PHONE_NUMBER) VALUES ($1, $2) [42104-224]
	at io.r2dbc.h2.H2DatabaseExceptionFactory.convert(H2DatabaseExceptionFactory.java:84)
	Suppressed: reactor.core.publisher.FluxOnAssembly$OnAssemblyException: 
Error has been observed at the following site(s):
	*__checkpoint ⇢ SQL "INSERT INTO companies (CVR, PHONE_NUMBER) VALUES ($1, $2)" [DatabaseClient]
Original Stack Trace:
		at io.r2dbc.h2.H2DatabaseExceptionFactory.convert(H2DatabaseExceptionFactory.java:84)
		at io.r2dbc.h2.client.SessionClient.createCommand(SessionClient.java:166)
		at io.r2dbc.h2.client.SessionClient.access$000(SessionClient.java:39)
		at io.r2dbc.h2.client.SessionClient$1.next(SessionClient.java:120)
		at io.r2dbc.h2.client.SessionClient$1.next(SessionClient.java:108)
		at java.base/java.util.Spliterators$IteratorSpliterator.tryAdvance(Spliterators.java:1950)
		at reactor.core.publisher.FluxIterable$IterableSubscription.hasNext(FluxIterable.java:271)
		at reactor.core.publisher.FluxIterable.subscribe(FluxIterable.java:187)
		at reactor.core.publisher.FluxIterable.subscribe(FluxIterable.java:83)
		at reactor.core.publisher.Flux.subscribe(Flux.java:8840)
		at reactor.core.publisher.FluxFlatMap.trySubscribeScalarMap(FluxFlatMap.java:202)
		at reactor.core.publisher.FluxFlatMap.subscribeOrReturn(FluxFlatMap.java:94)
		at reactor.core.publisher.Flux.subscribe(Flux.java:8825)
		at reactor.core.publisher.FluxUsingWhen$ResourceSubscriber.onNext(FluxUsingWhen.java:198)
		at reactor.core.publisher.FluxMap$MapSubscriber.onNext(FluxMap.java:122)
		at reactor.core.publisher.FluxOnErrorResume$ResumeSubscriber.onNext(FluxOnErrorResume.java:79)
		at reactor.core.publisher.FluxOnErrorResume$ResumeSubscriber.onNext(FluxOnErrorResume.java:79)
		at reactor.core.publisher.FluxRetry$RetrySubscriber.onNext(FluxRetry.java:88)
		at reactor.core.publisher.MonoFlatMap$FlatMapMain.secondComplete(MonoFlatMap.java:245)
		at reactor.core.publisher.MonoFlatMap$FlatMapInner.onNext(MonoFlatMap.java:305)
		at io.r2dbc.pool.MonoDiscardOnCancel$MonoDiscardOnCancelSubscriber.onNext(MonoDiscardOnCancel.java:92)
		at reactor.core.publisher.FluxOnErrorResume$ResumeSubscriber.onNext(FluxOnErrorResume.java:79)
		at reactor.core.publisher.MonoIgnoreThen$ThenIgnoreMain.complete(MonoIgnoreThen.java:294)
		at reactor.core.publisher.MonoIgnoreThen$ThenIgnoreMain.onNext(MonoIgnoreThen.java:188)
		at reactor.core.publisher.MonoIgnoreThen$ThenIgnoreMain.subscribeNext(MonoIgnoreThen.java:237)
		at reactor.core.publisher.MonoIgnoreThen$ThenIgnoreMain.onComplete(MonoIgnoreThen.java:204)
		at reactor.core.publisher.MonoIgnoreElements$IgnoreElementsSubscriber.onComplete(MonoIgnoreElements.java:89)
		at reactor.core.publisher.FluxHandle$HandleSubscriber.onComplete(FluxHandle.java:223)
		at reactor.core.publisher.FluxSwitchIfEmpty$SwitchIfEmptySubscriber.onComplete(FluxSwitchIfEmpty.java:85)
		at reactor.core.publisher.MonoCallable$MonoCallableSubscription.request(MonoCallable.java:159)
		at reactor.core.publisher.Operators$MultiSubscriptionSubscriber.set(Operators.java:2367)
		at reactor.core.publisher.Operators$MultiSubscriptionSubscriber.onSubscribe(Operators.java:2241)
		at reactor.core.publisher.MonoCallable.subscribe(MonoCallable.java:48)
		at reactor.core.publisher.Mono.subscribe(Mono.java:4568)
		at reactor.core.publisher.MonoIgnoreThen$ThenIgnoreMain.subscribeNext(MonoIgnoreThen.java:265)
		at reactor.core.publisher.MonoIgnoreThen.subscribe(MonoIgnoreThen.java:51)
		at reactor.core.publisher.InternalMonoOperator.subscribe(InternalMonoOperator.java:76)
		at io.r2dbc.pool.MonoDiscardOnCancel.subscribe(MonoDiscardOnCancel.java:50)
		at reactor.core.publisher.MonoFlatMap$FlatMapMain.onNext(MonoFlatMap.java:165)
		at reactor.pool.AbstractPool$Borrower.deliver(AbstractPool.java:480)
		at reactor.pool.SimpleDequePool.lambda$drainLoop$9(SimpleDequePool.java:428)
		at reactor.core.publisher.FluxDoOnEach$DoOnEachSubscriber.onNext(FluxDoOnEach.java:154)
		at reactor.core.publisher.MonoSubscribeOn$SubscribeOnSubscriber.onNext(MonoSubscribeOn.java:146)
		at reactor.core.publisher.FluxMapFuseable$MapFuseableSubscriber.onNext(FluxMapFuseable.java:129)
		at reactor.core.publisher.MonoSupplier$MonoSupplierSubscription.request(MonoSupplier.java:145)
		at reactor.core.publisher.FluxMapFuseable$MapFuseableSubscriber.request(FluxMapFuseable.java:171)
		at reactor.core.publisher.MonoSubscribeOn$SubscribeOnSubscriber.trySchedule(MonoSubscribeOn.java:189)
		at reactor.core.publisher.MonoSubscribeOn$SubscribeOnSubscriber.onSubscribe(MonoSubscribeOn.java:134)
		at reactor.core.publisher.FluxMapFuseable$MapFuseableSubscriber.onSubscribe(FluxMapFuseable.java:96)
		at reactor.core.publisher.MonoSupplier.subscribe(MonoSupplier.java:48)
		at reactor.core.publisher.Mono.subscribe(Mono.java:4568)
		at reactor.core.publisher.MonoSubscribeOn$SubscribeOnSubscriber.run(MonoSubscribeOn.java:126)
		at reactor.core.scheduler.WorkerTask.call(WorkerTask.java:84)
		at reactor.core.scheduler.WorkerTask.call(WorkerTask.java:37)
		at java.base/java.util.concurrent.FutureTask.run(FutureTask.java:317)
		at java.base/java.util.concurrent.ScheduledThreadPoolExecutor$ScheduledFutureTask.run(ScheduledThreadPoolExecutor.java:304)
		at java.base/java.util.concurrent.ThreadPoolExecutor.runWorker(ThreadPoolExecutor.java:1144)
		at java.base/java.util.concurrent.ThreadPoolExecutor$Worker.run(ThreadPoolExecutor.java:642)
		at java.base/java.lang.Thread.run(Thread.java:1583)
Caused by: org.h2.jdbc.JdbcSQLSyntaxErrorException: Table "COMPANIES" not found (this database is empty); SQL statement:
INSERT INTO companies (CVR, PHONE_NUMBER) VALUES ($1, $2) [42104-224]
	at org.h2.message.DbException.getJdbcSQLException(DbException.java:514)
	at org.h2.message.DbException.getJdbcSQLException(DbException.java:489)
	at org.h2.message.DbException.get(DbException.java:223)
	at org.h2.message.DbException.get(DbException.java:199)
	at org.h2.command.Parser.getTableOrViewNotFoundDbException(Parser.java:8051)
	at org.h2.command.Parser.getTableOrViewNotFoundDbException(Parser.java:8035)
	at org.h2.command.Parser.readTableOrView(Parser.java:8024)
	at org.h2.command.Parser.readTableOrView(Parser.java:7990)
	at org.h2.command.Parser.parseInsert(Parser.java:1540)
	at org.h2.command.Parser.parsePrepared(Parser.java:719)
	at org.h2.command.Parser.parse(Parser.java:592)
	at org.h2.command.Parser.parse(Parser.java:564)
	at org.h2.command.Parser.prepareCommand(Parser.java:483)
	at org.h2.engine.SessionLocal.prepareLocal(SessionLocal.java:639)
	at org.h2.engine.SessionLocal.prepareCommand(SessionLocal.java:559)
	at io.r2dbc.h2.client.SessionClient.createCommand(SessionClient.java:157)
	at io.r2dbc.h2.client.SessionClient.access$000(SessionClient.java:39)
	at io.r2dbc.h2.client.SessionClient$1.next(SessionClient.java:120)
	at io.r2dbc.h2.client.SessionClient$1.next(SessionClient.java:108)
	at java.base/java.util.Spliterators$IteratorSpliterator.tryAdvance(Spliterators.java:1950)
	at reactor.core.publisher.FluxIterable$IterableSubscription.hasNext(FluxIterable.java:271)
	at reactor.core.publisher.FluxIterable.subscribe(FluxIterable.java:187)
	at reactor.core.publisher.FluxIterable.subscribe(FluxIterable.java:83)
	at reactor.core.publisher.Flux.subscribe(Flux.java:8840)
	at reactor.core.publisher.FluxFlatMap.trySubscribeScalarMap(FluxFlatMap.java:202)
	at reactor.core.publisher.FluxFlatMap.subscribeOrReturn(FluxFlatMap.java:94)
	at reactor.core.publisher.Flux.subscribe(Flux.java:8825)
	at reactor.core.publisher.FluxUsingWhen$ResourceSubscriber.onNext(FluxUsingWhen.java:198)
	at reactor.core.publisher.FluxMap$MapSubscriber.onNext(FluxMap.java:122)
	at reactor.core.publisher.FluxOnErrorResume$ResumeSubscriber.onNext(FluxOnErrorResume.java:79)
	at reactor.core.publisher.FluxOnErrorResume$ResumeSubscriber.onNext(FluxOnErrorResume.java:79)
	at reactor.core.publisher.FluxRetry$RetrySubscriber.onNext(FluxRetry.java:88)
	at reactor.core.publisher.MonoFlatMap$FlatMapMain.secondComplete(MonoFlatMap.java:245)
	at reactor.core.publisher.MonoFlatMap$FlatMapInner.onNext(MonoFlatMap.java:305)
	at io.r2dbc.pool.MonoDiscardOnCancel$MonoDiscardOnCancelSubscriber.onNext(MonoDiscardOnCancel.java:92)
	at reactor.core.publisher.FluxOnErrorResume$ResumeSubscriber.onNext(FluxOnErrorResume.java:79)
	at reactor.core.publisher.MonoIgnoreThen$ThenIgnoreMain.complete(MonoIgnoreThen.java:294)
	at reactor.core.publisher.MonoIgnoreThen$ThenIgnoreMain.onNext(MonoIgnoreThen.java:188)
	at reactor.core.publisher.MonoIgnoreThen$ThenIgnoreMain.subscribeNext(MonoIgnoreThen.java:237)
	at reactor.core.publisher.MonoIgnoreThen$ThenIgnoreMain.onComplete(MonoIgnoreThen.java:204)
	at reactor.core.publisher.MonoIgnoreElements$IgnoreElementsSubscriber.onComplete(MonoIgnoreElements.java:89)
	at reactor.core.publisher.FluxHandle$HandleSubscriber.onComplete(FluxHandle.java:223)
	at reactor.core.publisher.FluxSwitchIfEmpty$SwitchIfEmptySubscriber.onComplete(FluxSwitchIfEmpty.java:85)
	at reactor.core.publisher.MonoCallable$MonoCallableSubscription.request(MonoCallable.java:159)
	at reactor.core.publisher.Operators$MultiSubscriptionSubscriber.set(Operators.java:2367)
	at reactor.core.publisher.Operators$MultiSubscriptionSubscriber.onSubscribe(Operators.java:2241)
	at reactor.core.publisher.MonoCallable.subscribe(MonoCallable.java:48)
	at reactor.core.publisher.Mono.subscribe(Mono.java:4568)
	at reactor.core.publisher.MonoIgnoreThen$ThenIgnoreMain.subscribeNext(MonoIgnoreThen.java:265)
	at reactor.core.publisher.MonoIgnoreThen.subscribe(MonoIgnoreThen.java:51)
	at reactor.core.publisher.InternalMonoOperator.subscribe(InternalMonoOperator.java:76)
	at io.r2dbc.pool.MonoDiscardOnCancel.subscribe(MonoDiscardOnCancel.java:50)
	at reactor.core.publisher.MonoFlatMap$FlatMapMain.onNext(MonoFlatMap.java:165)
	at reactor.pool.AbstractPool$Borrower.deliver(AbstractPool.java:480)
	at reactor.pool.SimpleDequePool.lambda$drainLoop$9(SimpleDequePool.java:428)
	at reactor.core.publisher.FluxDoOnEach$DoOnEachSubscriber.onNext(FluxDoOnEach.java:154)
	at reactor.core.publisher.MonoSubscribeOn$SubscribeOnSubscriber.onNext(MonoSubscribeOn.java:146)
	at reactor.core.publisher.FluxMapFuseable$MapFuseableSubscriber.onNext(FluxMapFuseable.java:129)
	at reactor.core.publisher.MonoSupplier$MonoSupplierSubscription.request(MonoSupplier.java:145)
	at reactor.core.publisher.FluxMapFuseable$MapFuseableSubscriber.request(FluxMapFuseable.java:171)
	at reactor.core.publisher.MonoSubscribeOn$SubscribeOnSubscriber.trySchedule(MonoSubscribeOn.java:189)
	at reactor.core.publisher.MonoSubscribeOn$SubscribeOnSubscriber.onSubscribe(MonoSubscribeOn.java:134)
	at reactor.core.publisher.FluxMapFuseable$MapFuseableSubscriber.onSubscribe(FluxMapFuseable.java:96)
	at reactor.core.publisher.MonoSupplier.subscribe(MonoSupplier.java:48)
	at reactor.core.publisher.Mono.subscribe(Mono.java:4568)
	at reactor.core.publisher.MonoSubscribeOn$SubscribeOnSubscriber.run(MonoSubscribeOn.java:126)
	at reactor.core.scheduler.WorkerTask.call(WorkerTask.java:84)
	at reactor.core.scheduler.WorkerTask.call(WorkerTask.java:37)
	at java.base/java.util.concurrent.FutureTask.run(FutureTask.java:317)
	at java.base/java.util.concurrent.ScheduledThreadPoolExecutor$ScheduledFutureTask.run(ScheduledThreadPoolExecutor.java:304)
	at java.base/java.util.concurrent.ThreadPoolExecutor.runWorker(ThreadPoolExecutor.java:1144)
	at java.base/java.util.concurrent.ThreadPoolExecutor$Worker.run(ThreadPoolExecutor.java:642)
	at java.base/java.lang.Thread.run(Thread.java:1583)
2026-03-15 17:29:07 [background-preinit] INFO  o.h.validator.internal.util.Version - HV000001: Hibernate Validator 8.0.1.Final
2026-03-15 17:29:07 [main] INFO  org.almb.BootApplication - Starting BootApplication using Java 21.0.10 with PID 52958 (/Users/ejnake/dev/project/java-almb-api/target/classes started by ejnake in /Users/ejnake/dev/project/java-almb-api)
2026-03-15 17:29:07 [main] DEBUG org.almb.BootApplication - Running with Spring Boot v3.2.5, Spring v6.1.6
2026-03-15 17:29:07 [main] INFO  org.almb.BootApplication - No active profile set, falling back to 1 default profile: "default"
2026-03-15 17:29:08 [main] INFO  o.s.d.r.c.RepositoryConfigurationDelegate - Bootstrapping Spring Data R2DBC repositories in DEFAULT mode.
2026-03-15 17:29:08 [main] INFO  o.s.d.r.c.RepositoryConfigurationDelegate - Finished Spring Data repository scanning in 60 ms. Found 1 R2DBC repository interface.
2026-03-15 17:29:08 [main] INFO  o.s.b.w.e.netty.NettyWebServer - Netty started on port 8080
2026-03-15 17:29:08 [main] INFO  org.almb.BootApplication - Started BootApplication in 1.155 seconds (process running for 1.286)
2026-03-15 17:29:18 [reactor-http-nio-2] INFO  o.s.api.AbstractOpenApiResource - Init duration for springdoc-openapi is: 134 ms
